Remove Pin=C35-1 From Net=UFP_AUX_P
Remove Pin=C36-1 From Net=UFP_AUX_N
Remove Pin=C40-1 From Net=USB_RX_P
Remove Pin=C42-1 From Net=USB_RX_N
Remove Pin=C65-1 From Net=UFP_CC1
Remove Pin=C67-1 From Net=RX1_N
Remove Pin=C68-1 From Net=TX1_P
Remove Pin=C69-1 From Net=TX1_N
Remove Pin=C70-1 From Net=IN0_P
Remove Pin=C71-1 From Net=IN0_N
Remove Pin=C72-1 From Net=RX1_P
Remove Pin=C73-1 From Net=IN1_P
Remove Pin=C74-1 From Net=IN1_N
Remove Pin=C75-1 From Net=TX2_P
Remove Pin=C76-1 From Net=TX2_N
Remove Pin=C77-1 From Net=RX2_P
Remove Pin=C78-1 From Net=RX2_N
Remove Pin=CN1-1 From Net=HDMI_D2_P
Remove Pin=CN1-3 From Net=HDMI_D2_N
Remove Pin=CN1-4 From Net=HDMI_D1_P
Remove Pin=CN1-6 From Net=HDMI_D1_N
Remove Pin=CN1-7 From Net=HDMI_D0_P
Remove Pin=CN1-9 From Net=HDMI_D0_N
Remove Pin=CN1-10 From Net=HDMI_CK_P
Remove Pin=CN1-12 From Net=HDMI_CK_N
Remove Pin=CN1-19 From Net=HDMI_HPD
Remove Pin=CN2-A2 From Net=TX1_P
Remove Pin=CN2-A3 From Net=TX1_N
Remove Pin=CN2-A6 From Net=D_P
Remove Pin=CN2-A7 From Net=D_N
Remove Pin=CN2-A8 From Net=SBU1
Remove Pin=CN2-A10 From Net=RX2_N
Remove Pin=CN2-A11 From Net=RX2_P
Remove Pin=CN2-B2 From Net=TX2_P
Remove Pin=CN2-B3 From Net=TX2_N
Remove Pin=CN2-B8 From Net=SBU2
Remove Pin=CN2-B10 From Net=RX1_N
Remove Pin=CN2-B11 From Net=RX1_P
Remove Pin=R13-1 From Net=SBU1
Remove Pin=R14-1 From Net=UFP_CC1
Remove Pin=R15-2 From Net=HSYNC_OUT
Remove Pin=R17-1 From Net=SBU2
Remove Pin=R20-2 From Net=VSYNC_OUT
Remove Pin=R22-2 From Net=CH522_DN
Remove Pin=R24-1 From Net=UFP_CC2_VCON
Remove Pin=R25-2 From Net=CH522_DP
Remove Pin=R28-1 From Net=UFP_CC2_VCON
Remove Pin=R46-1 From Net=UFP_AUX_P
Remove Pin=R47-1 From Net=UFP_CC1
Remove Pin=R48-1 From Net=SBU1
Remove Pin=R49-1 From Net=SBU2
Remove Pin=R52-2 From Net=D_N
Remove Pin=R53-2 From Net=D_P
Remove Pin=R54-2 From Net=USB_TX_P
Remove Pin=R58-2 From Net=USB_TX_N
Remove Pin=R65-2 From Net=UFP_AUX_N
Remove Pin=R66-2 From Net=SBU2
Remove Pin=R67-2 From Net=SBU1
Remove Pin=R80-1 From Net=VGA_R
Remove Pin=R81-1 From Net=VGA_G
Remove Pin=R82-1 From Net=VGA_B
Remove Pin=SSSO1-2 From Net=D_N
Remove Pin=SSSO1-3 From Net=D_P
Remove Pin=SSSO1-5 From Net=USB_RX_N
Remove Pin=SSSO1-6 From Net=USB_RX_P
Remove Pin=SSSO1-8 From Net=USB_TX_N
Remove Pin=SSSO1-9 From Net=USB_TX_P
Remove Pin=U1-12 From Net=VGA_SDA
Remove Pin=U1-15 From Net=VGA_SCL
Remove Pin=U2-16 From Net=P13
Remove Pin=U2-17 From Net=P12
Remove Pin=U3-1 From Net=UFP_CC1
Remove Pin=U3-2 From Net=UFP_AUX_N
Remove Pin=U3-3 From Net=UFP_AUX_P
Remove Pin=U3-6 From Net=IN0_P
Remove Pin=U3-7 From Net=IN0_N
Remove Pin=U3-9 From Net=IN1_P
Remove Pin=U3-10 From Net=IN1_N
Remove Pin=U3-26 From Net=VGA_SCL
Remove Pin=U3-27 From Net=VGA_SDA
Remove Pin=U3-28 From Net=HSYNC_OUT
Remove Pin=U3-29 From Net=VSYNC_OUT
Remove Pin=U3-34 From Net=VGA_B
Remove Pin=U3-35 From Net=VGA_G
Remove Pin=U3-36 From Net=VGA_R
Remove Pin=U3-38 From Net=HDMI_HPD
Remove Pin=U3-39 From Net=HDMI_SDA
Remove Pin=U3-40 From Net=HDMI_SCL
Remove Pin=U3-44 From Net=HDMI_CK_N
Remove Pin=U3-45 From Net=HDMI_CK_P
Remove Pin=U3-46 From Net=HDMI_D0_N
Remove Pin=U3-47 From Net=HDMI_D0_P
Remove Pin=U3-48 From Net=HDMI_D1_N
Remove Pin=U3-49 From Net=HDMI_D1_P
Remove Pin=U3-50 From Net=HDMI_D2_N
Remove Pin=U3-51 From Net=HDMI_D2_P
Remove Pin=U3-58 From Net=DOWN_VBUS_EN
Remove Pin=U3-59 From Net=DOWN_VBUS_DIS
Remove Pin=U3-60 From Net=UP_VBUS_EN
Remove Pin=U3-61 From Net=UP_VBUS_DIS
Remove Pin=U3-64 From Net=DFP_CC1
Remove Pin=U3-65 From Net=DFP_CC2
Remove Pin=U3-66 From Net=VBUS_MON_D
Remove Pin=U3-67 From Net=VBUS_MON_U
Remove Pin=U5-11 From Net=SBU1
Remove Pin=U5-12 From Net=SBU2
Remove Pin=USB1-A5 From Net=DFP_CC1
Remove Pin=USB1-A6 From Net=CH522_DP
Remove Pin=USB1-A7 From Net=CH522_DN
Remove Pin=USB1-B5 From Net=DFP_CC2
Remove Pin=USB1-B6 From Net=CH522_DP
Remove Pin=USB1-B7 From Net=CH522_DN
