Added Pin To Net: NetName=UFP_CC2_VCON Pin=R28-1
Added Pin To Net: NetName=HDMI_SDA Pin=U3-39
Added Pin To Net: NetName=HDMI_SCL Pin=U3-40
Added Pin To Net: NetName=DOWN_VBUS_EN Pin=U3-58
Added Pin To Net: NetName=DOWN_VBUS_DIS Pin=U3-59
Added Pin To Net: NetName=UP_VBUS_EN Pin=U3-60
Added Pin To Net: NetName=UP_VBUS_DIS Pin=U3-61
Added Pin To Net: NetName=VBUS_MON_D Pin=U3-66
Added Pin To Net: NetName=VBUS_MON_U Pin=U3-67
Added Pin To Net: NetName=CFG_SCL Pin=U3-56
Added Net: Name=CFG_SCL
Added Pin To Net: NetName=CFG_SDA Pin=U3-57
Added Net: Name=CFG_SDA
Added Pin To Net: NetName=DFP_CC1 Pin=U3-64
Added Net: Name=DFP_CC1
Added Pin To Net: NetName=DFP_CC2 Pin=U3-65
Added Net: Name=DFP_CC2
Added Pin To Net: NetName=HDMI_CK_N Pin=U3-44
Added Net: Name=HDMI_CK_N
Added Pin To Net: NetName=HDMI_CK_P Pin=U3-45
Added Net: Name=HDMI_CK_P
Added Pin To Net: NetName=HDMI_D0_N Pin=U3-46
Added Net: Name=HDMI_D0_N
Added Pin To Net: NetName=HDMI_D0_P Pin=U3-47
Added Net: Name=HDMI_D0_P
Added Pin To Net: NetName=HDMI_D1_N Pin=U3-48
Added Net: Name=HDMI_D1_N
Added Pin To Net: NetName=HDMI_D1_P Pin=U3-49
Added Net: Name=HDMI_D1_P
Added Pin To Net: NetName=HDMI_D2_N Pin=U3-50
Added Net: Name=HDMI_D2_N
Added Pin To Net: NetName=HDMI_D2_P Pin=U3-51
Added Net: Name=HDMI_D2_P
Added Pin To Net: NetName=HDMI_HPD Pin=U3-38
Added Net: Name=HDMI_HPD
Added Pin To Net: NetName=HSYNC_OUT Pin=U3-28
Added Net: Name=HSYNC_OUT
Added Pin To Net: NetName=IN0_N Pin=U3-7
Added Net: Name=IN0_N
Added Pin To Net: NetName=IN0_P Pin=U3-6
Added Net: Name=IN0_P
Added Pin To Net: NetName=IN1_N Pin=U3-10
Added Net: Name=IN1_N
Added Pin To Net: NetName=IN1_P Pin=U3-9
Added Net: Name=IN1_P
Added Pin To Net: NetName=UFP_AUX_N Pin=U3-2
Added Net: Name=UFP_AUX_N
Added Pin To Net: NetName=UFP_AUX_P Pin=U3-3
Added Net: Name=UFP_AUX_P
Added Pin To Net: NetName=UFP_CC1 Pin=U3-1
Added Net: Name=UFP_CC1
Added Pin To Net: NetName=VGA_B Pin=U3-34
Added Net: Name=VGA_B
Added Pin To Net: NetName=VGA_G Pin=U3-35
Added Net: Name=VGA_G
Added Pin To Net: NetName=VGA_R Pin=U3-36
Added Net: Name=VGA_R
Added Pin To Net: NetName=VGA_SCL Pin=U3-26
Added Net: Name=VGA_SCL
Added Pin To Net: NetName=VGA_SDA Pin=U3-27
Added Net: Name=VGA_SDA
Added Pin To Net: NetName=VSYNC_OUT Pin=U3-29
Added Net: Name=VSYNC_OUT
Added Member To Class: ClassName=1_电源 Member=Component R5 100K
Added Member To Class: ClassName=1_电源 Member=Component R76 HPCR0603F1R60K9
Added Member To Class: ClassName=1_电源 Member=Component R77 HPCR0603F1R60K9
Added Member To Class: ClassName=1_电源 Member=Component U8 TD1583
Added Room: Name=1_电源
Added Room: Name=2_接口
Added Room: Name=3_单片机
Added Room: Name=4_CS5266
