Removed Pin From Net: NetName=TX2_P Pin=C75-2
Removed Pin From Net: NetName=TX2_N Pin=C76-2
Removed Pin From Net: NetName=RX2_P Pin=C77-2
Removed Pin From Net: NetName=RX2_N Pin=C78-2
Removed Pin From Net: NetName=TX2_P Pin=U5-6
Removed Pin From Net: NetName=TX2_N Pin=U5-7
Removed Pin From Net: NetName=RX2_P Pin=U5-9
Removed Pin From Net: NetName=RX2_N Pin=U5-10
Change Net Name : Old Net Name=NetC40_2 New Net Name=SSTX_P
Change Net Name : Old Net Name=NetC42_2 New Net Name=SSTX_N
Change Net Name : Old Net Name=NetC67_2 New Net Name=VL170_RX1_N
Change Net Name : Old Net Name=NetC68_2 New Net Name=VL170_TX1_P
Change Net Name : Old Net Name=NetC69_2 New Net Name=VL170_TX1_N
Change Net Name : Old Net Name=NetC72_2 New Net Name=VL170_RX1_P
Change Net Name : Old Net Name=NetR54_1 New Net Name=SSRX_P
Change Net Name : Old Net Name=NetR58_1 New Net Name=SSRX_N
Added Pin To Net: NetName=VL170_RX2_N Pin=C78-2
Added Pin To Net: NetName=VL170_RX2_N Pin=U5-10
Added Net: Name=VL170_RX2_N
Added Pin To Net: NetName=VL170_RX2_P Pin=C77-2
Added Pin To Net: NetName=VL170_RX2_P Pin=U5-9
Added Net: Name=VL170_RX2_P
Added Pin To Net: NetName=VL170_TX2_N Pin=C76-2
Added Pin To Net: NetName=VL170_TX2_N Pin=U5-7
Added Net: Name=VL170_TX2_N
Added Pin To Net: NetName=VL170_TX2_P Pin=C75-2
Added Pin To Net: NetName=VL170_TX2_P Pin=U5-6
Added Net: Name=VL170_TX2_P
Added Differential Pair: Name=SSRX
Added Differential Pair: Name=SSTX
Added Differential Pair: Name=VL170_RX1
Added Differential Pair: Name=VL170_RX2
Added Differential Pair: Name=VL170_TX1
Added Differential Pair: Name=VL170_TX2
Added Member To Class: ClassName=1_电源 Member=Component Q1 2N7002
Added Member To Class: ClassName=1_电源 Member=Component Q6 AO4805
Added Member To Class: ClassName=1_电源 Member=Component R10 10K
Added Member To Class: ClassName=1_电源 Member=Component U6 LP3220AB5F
